2020-07-16 16:49:27 DEBUG AssignBoardDao:38 - AssignBoardVO [assgnNo=20200714034556a53689e7c4e14e178706e5c10ea8605e, title=sadfklj, contents=ckdo, regDate=Wed Jul 15 15:02:21 KST 2020, startDate=Thu Jul 16 15:02:21 KST 2020, dueDate=Fri Jul 17 15:02:21 KST 2020]
2020-07-16 16:49:27 DEBUG AssignBoardDao:38 - AssignBoardVO [assgnNo=202007140346555fc297a538284a9da564caa5811cd5e8, title=title22, contents=contents23, regDate=Wed Jul 15 15:02:21 KST 2020, startDate=Thu Jul 16 15:02:21 KST 2020, dueDate=Fri Jul 17 15:02:21 KST 2020]
2020-07-16 16:49:27 DEBUG AssignBoardDao:38 - AssignBoardVO [assgnNo=20200715042705e3e58a768bae4a61a2a1b6160e693e73, title=title, contents=내용, regDate=Wed Jul 15 16:27:05 KST 2020, startDate=Wed Jul 15 15:00:00 KST 2020, dueDate=Mon Jul 20 00:00:00 KST 2020]
2020-07-16 16:49:27 DEBUG AssignmentDao:38 - AssignmentVO [assgnNo=20200714034556a53689e7c4e14e178706e5c10ea8605e, memId=abc, title=제목11, contents=내용1, regDate=Tue Jul 14 15:02:21 KST 2020]
2020-07-16 16:49:27 DEBUG AssignmentDao:38 - AssignmentVO [assgnNo=20200714034556a53689e7c4e14e178706e5c10ea8605e, memId=abc2, title=adsf, contents=asdf, regDate=Sun Jul 12 15:02:21 KST 2020]
2020-07-16 16:49:27 DEBUG AssignmentDao:38 - AssignmentVO [assgnNo=20200714034556a53689e7c4e14e178706e5c10ea8605e, memId=abc3, title=adfs, contents=asdf, regDate=Wed Jul 15 15:25:30 KST 2020]
2020-07-16 16:49:27 DEBUG AssignmentDao:38 - AssignmentVO [assgnNo=20200714034556a53689e7c4e14e178706e5c10ea8605e, memId=abc4, title=asdfasdf, contents=asdfsdfsadf, regDate=Wed Jul 15 15:25:55 KST 2020]
2020-07-21 15:39:34 DEBUG AssignBoardDao:38 - AssignBoardVO [assgnNo=20200714034556a53689e7c4e14e178706e5c10ea8605e, title=sadfklj, contents=ckdo, regDate=Wed Jul 15 15:02:21 KST 2020, startDate=2020-07-16, dueDate=2020-07-17]
2020-07-21 15:39:34 DEBUG AssignBoardDao:38 - AssignBoardVO [assgnNo=202007140346555fc297a538284a9da564caa5811cd5e8, title=title22, contents=contents23, regDate=Wed Jul 15 15:02:21 KST 2020, startDate=2020-07-16, dueDate=2020-07-17]
2020-07-21 15:39:34 DEBUG AssignBoardDao:38 - AssignBoardVO [assgnNo=20200715042705e3e58a768bae4a61a2a1b6160e693e73, title=title, contents=내용, regDate=Wed Jul 15 16:27:05 KST 2020, startDate=2020-07-15, dueDate=2020-07-20]
2020-07-21 15:39:34 DEBUG AssignBoardDao:38 - AssignBoardVO [assgnNo=20200720032639781c808bede84c5c93435790c43d8860, title=title, contents=lll, regDate=Mon Jul 20 15:26:39 KST 2020, startDate=2020-07-15, dueDate=2020-07-23]
2020-07-21 15:39:34 DEBUG AssignBoardDao:38 - AssignBoardVO [assgnNo=202007200329588da63440f4d649f7b50ff52f926ad6f8, title=title2, contents=ghg, regDate=Mon Jul 20 15:29:58 KST 2020, startDate=2020-07-23, dueDate=2020-07-30]
2020-07-21 15:39:34 DEBUG AssignBoardDao:38 - AssignBoardVO [assgnNo=20200720051437e5865149b7da48cdbcfca64720626f0c, title=test, contents=test2
test enter
test enter
test enter
test enter
test enter
test enter, regDate=Mon Jul 20 17:14:37 KST 2020, startDate=2020-07-15, dueDate=2020-07-22]
2020-07-21 15:39:34 DEBUG AssignBoardDao:38 - AssignBoardVO [assgnNo=20200721110712320f49dcd08d46e981d19b2467dd5a2c, title=ffd, contents=gdfgdf, regDate=Tue Jul 21 11:07:12 KST 2020, startDate=2020-07-15, dueDate=2020-07-23]
2020-07-21 15:39:34 DEBUG AssignBoardDao:38 - AssignBoardVO [assgnNo=20200721123633e00b29bbd7c34626b9be5b2dcaa62136, title=adfasd, contents=sdafsdafsdfsd, regDate=Tue Jul 21 12:36:33 KST 2020, startDate=2020-07-15, dueDate=2020-07-23]
2020-07-21 15:39:34 DEBUG AssignBoardDao:38 - AssignBoardVO [assgnNo=202007211239454df56aa27a0e45b69ffd1486db4f1c17, title=sdfsdf, contents=sdfsd, regDate=Tue Jul 21 12:39:45 KST 2020, startDate=2020-07-15, dueDate=2020-07-23]
2020-07-21 15:39:46 DEBUG AssignBoardDao:38 - AssignBoardVO [assgnNo=20200714034556a53689e7c4e14e178706e5c10ea8605e, title=sadfklj, contents=ckdo, regDate=Wed Jul 15 15:02:21 KST 2020, startDate=2020-07-16, dueDate=2020-07-17]
2020-07-21 15:39:46 DEBUG AssignBoardDao:38 - AssignBoardVO [assgnNo=202007140346555fc297a538284a9da564caa5811cd5e8, title=title22, contents=contents23, regDate=Wed Jul 15 15:02:21 KST 2020, startDate=2020-07-16, dueDate=2020-07-17]
2020-07-21 15:39:46 DEBUG AssignBoardDao:38 - AssignBoardVO [assgnNo=20200715042705e3e58a768bae4a61a2a1b6160e693e73, title=title, contents=내용, regDate=Wed Jul 15 16:27:05 KST 2020, startDate=2020-07-15, dueDate=2020-07-20]
2020-07-21 15:39:46 DEBUG AssignBoardDao:38 - AssignBoardVO [assgnNo=20200720032639781c808bede84c5c93435790c43d8860, title=title, contents=lll, regDate=Mon Jul 20 15:26:39 KST 2020, startDate=2020-07-15, dueDate=2020-07-23]
2020-07-21 15:39:46 DEBUG AssignBoardDao:38 - AssignBoardVO [assgnNo=202007200329588da63440f4d649f7b50ff52f926ad6f8, title=title2, contents=ghg, regDate=Mon Jul 20 15:29:58 KST 2020, startDate=2020-07-23, dueDate=2020-07-30]
2020-07-21 15:39:46 DEBUG AssignBoardDao:38 - AssignBoardVO [assgnNo=20200720051437e5865149b7da48cdbcfca64720626f0c, title=test, contents=test2
test enter
test enter
test enter
test enter
test enter
test enter, regDate=Mon Jul 20 17:14:37 KST 2020, startDate=2020-07-15, dueDate=2020-07-22]
2020-07-21 15:39:46 DEBUG AssignBoardDao:38 - AssignBoardVO [assgnNo=20200721110712320f49dcd08d46e981d19b2467dd5a2c, title=ffd, contents=gdfgdf, regDate=Tue Jul 21 11:07:12 KST 2020, startDate=2020-07-15, dueDate=2020-07-23]
2020-07-21 15:39:46 DEBUG AssignBoardDao:38 - AssignBoardVO [assgnNo=20200721123633e00b29bbd7c34626b9be5b2dcaa62136, title=adfasd, contents=sdafsdafsdfsd, regDate=Tue Jul 21 12:36:33 KST 2020, startDate=2020-07-15, dueDate=2020-07-23]
2020-07-21 15:39:46 DEBUG AssignBoardDao:38 - AssignBoardVO [assgnNo=202007211239454df56aa27a0e45b69ffd1486db4f1c17, title=sdfsdf, contents=sdfsd, regDate=Tue Jul 21 12:39:45 KST 2020, startDate=2020-07-15, dueDate=2020-07-23]
2020-07-21 15:39:46 DEBUG AssignBoardDao:282 - 4건 조회되었습니다.
2020-07-21 15:39:46 DEBUG AssignBoardDao:38 - AssignBoardVO [assgnNo=20200714034556a53689e7c4e14e178706e5c10ea8605e, title=sadfklj, contents=ckdo, regDate=Wed Jul 15 15:02:21 KST 2020, startDate=2020-07-16, dueDate=2020-07-17]
2020-07-21 15:39:46 DEBUG AssignBoardDao:38 - AssignBoardVO [assgnNo=202007140346555fc297a538284a9da564caa5811cd5e8, title=title22, contents=contents23, regDate=Wed Jul 15 15:02:21 KST 2020, startDate=2020-07-16, dueDate=2020-07-17]
2020-07-21 15:39:46 DEBUG AssignBoardDao:38 - AssignBoardVO [assgnNo=20200715042705e3e58a768bae4a61a2a1b6160e693e73, title=title, contents=내용, regDate=Wed Jul 15 16:27:05 KST 2020, startDate=2020-07-15, dueDate=2020-07-20]
2020-07-21 15:39:46 DEBUG AssignBoardDao:38 - AssignBoardVO [assgnNo=20200720032639781c808bede84c5c93435790c43d8860, title=title, contents=lll, regDate=Mon Jul 20 15:26:39 KST 2020, startDate=2020-07-15, dueDate=2020-07-23]
2020-07-21 15:39:46 DEBUG AssignBoardDao:38 - AssignBoardVO [assgnNo=202007200329588da63440f4d649f7b50ff52f926ad6f8, title=title2, contents=ghg, regDate=Mon Jul 20 15:29:58 KST 2020, startDate=2020-07-23, dueDate=2020-07-30]
2020-07-21 15:39:46 DEBUG AssignBoardDao:38 - AssignBoardVO [assgnNo=20200720051437e5865149b7da48cdbcfca64720626f0c, title=test, contents=test2
test enter
test enter
test enter
test enter
test enter
test enter, regDate=Mon Jul 20 17:14:37 KST 2020, startDate=2020-07-15, dueDate=2020-07-22]
2020-07-21 15:39:46 DEBUG AssignBoardDao:38 - AssignBoardVO [assgnNo=20200721110712320f49dcd08d46e981d19b2467dd5a2c, title=ffd, contents=gdfgdf, regDate=Tue Jul 21 11:07:12 KST 2020, startDate=2020-07-15, dueDate=2020-07-23]
2020-07-21 15:39:46 DEBUG AssignBoardDao:38 - AssignBoardVO [assgnNo=20200721123633e00b29bbd7c34626b9be5b2dcaa62136, title=adfasd, contents=sdafsdafsdfsd, regDate=Tue Jul 21 12:36:33 KST 2020, startDate=2020-07-15, dueDate=2020-07-23]
2020-07-21 15:39:46 DEBUG AssignBoardDao:38 - AssignBoardVO [assgnNo=202007211239454df56aa27a0e45b69ffd1486db4f1c17, title=sdfsdf, contents=sdfsd, regDate=Tue Jul 21 12:39:45 KST 2020, startDate=2020-07-15, dueDate=2020-07-23]
2020-07-21 15:40:03 DEBUG AssignBoardDao:38 - AssignBoardVO [assgnNo=20200714034556a53689e7c4e14e178706e5c10ea8605e, title=sadfklj, contents=ckdo, regDate=Wed Jul 15 15:02:21 KST 2020, startDate=2020-07-16, dueDate=2020-07-17]
2020-07-21 15:40:03 DEBUG AssignBoardDao:38 - AssignBoardVO [assgnNo=202007140346555fc297a538284a9da564caa5811cd5e8, title=title22, contents=contents23, regDate=Wed Jul 15 15:02:21 KST 2020, startDate=2020-07-16, dueDate=2020-07-17]
2020-07-21 15:40:03 DEBUG AssignBoardDao:38 - AssignBoardVO [assgnNo=20200715042705e3e58a768bae4a61a2a1b6160e693e73, title=title, contents=내용, regDate=Wed Jul 15 16:27:05 KST 2020, startDate=2020-07-15, dueDate=2020-07-20]
2020-07-21 15:40:03 DEBUG AssignBoardDao:38 - AssignBoardVO [assgnNo=20200720032639781c808bede84c5c93435790c43d8860, title=title, contents=lll, regDate=Mon Jul 20 15:26:39 KST 2020, startDate=2020-07-15, dueDate=2020-07-23]
2020-07-21 15:40:03 DEBUG AssignBoardDao:38 - AssignBoardVO [assgnNo=202007200329588da63440f4d649f7b50ff52f926ad6f8, title=title2, contents=ghg, regDate=Mon Jul 20 15:29:58 KST 2020, startDate=2020-07-23, dueDate=2020-07-30]
2020-07-21 15:40:03 DEBUG AssignBoardDao:38 - AssignBoardVO [assgnNo=20200720051437e5865149b7da48cdbcfca64720626f0c, title=test, contents=test2
test enter
test enter
test enter
test enter
test enter
test enter, regDate=Mon Jul 20 17:14:37 KST 2020, startDate=2020-07-15, dueDate=2020-07-22]
2020-07-21 15:40:03 DEBUG AssignBoardDao:38 - AssignBoardVO [assgnNo=20200721110712320f49dcd08d46e981d19b2467dd5a2c, title=ffd, contents=gdfgdf, regDate=Tue Jul 21 11:07:12 KST 2020, startDate=2020-07-15, dueDate=2020-07-23]
2020-07-21 15:40:03 DEBUG AssignBoardDao:38 - AssignBoardVO [assgnNo=20200721123633e00b29bbd7c34626b9be5b2dcaa62136, title=adfasd, contents=sdafsdafsdfsd, regDate=Tue Jul 21 12:36:33 KST 2020, startDate=2020-07-15, dueDate=2020-07-23]
2020-07-21 15:40:03 DEBUG AssignBoardDao:38 - AssignBoardVO [assgnNo=202007211239454df56aa27a0e45b69ffd1486db4f1c17, title=sdfsdf, contents=sdfsd, regDate=Tue Jul 21 12:39:45 KST 2020, startDate=2020-07-15, dueDate=2020-07-23]
2020-07-21 15:40:03 DEBUG AssignBoardDao:282 - 1건 조회되었습니다.
2020-07-21 15:40:03 DEBUG AssignBoardDao:38 - AssignBoardVO [assgnNo=20200714034556a53689e7c4e14e178706e5c10ea8605e, title=sadfklj, contents=ckdo, regDate=Wed Jul 15 15:02:21 KST 2020, startDate=2020-07-16, dueDate=2020-07-17]
2020-07-21 15:40:03 DEBUG AssignBoardDao:38 - AssignBoardVO [assgnNo=202007140346555fc297a538284a9da564caa5811cd5e8, title=title22, contents=contents23, regDate=Wed Jul 15 15:02:21 KST 2020, startDate=2020-07-16, dueDate=2020-07-17]
2020-07-21 15:40:03 DEBUG AssignBoardDao:38 - AssignBoardVO [assgnNo=20200715042705e3e58a768bae4a61a2a1b6160e693e73, title=title, contents=내용, regDate=Wed Jul 15 16:27:05 KST 2020, startDate=2020-07-15, dueDate=2020-07-20]
2020-07-21 15:40:03 DEBUG AssignBoardDao:38 - AssignBoardVO [assgnNo=20200720032639781c808bede84c5c93435790c43d8860, title=title, contents=lll, regDate=Mon Jul 20 15:26:39 KST 2020, startDate=2020-07-15, dueDate=2020-07-23]
2020-07-21 15:40:03 DEBUG AssignBoardDao:38 - AssignBoardVO [assgnNo=202007200329588da63440f4d649f7b50ff52f926ad6f8, title=title2, contents=ghg, regDate=Mon Jul 20 15:29:58 KST 2020, startDate=2020-07-23, dueDate=2020-07-30]
2020-07-21 15:40:03 DEBUG AssignBoardDao:38 - AssignBoardVO [assgnNo=20200720051437e5865149b7da48cdbcfca64720626f0c, title=test, contents=test2
test enter
test enter
test enter
test enter
test enter
test enter, regDate=Mon Jul 20 17:14:37 KST 2020, startDate=2020-07-15, dueDate=2020-07-22]
2020-07-21 15:40:03 DEBUG AssignBoardDao:38 - AssignBoardVO [assgnNo=20200721110712320f49dcd08d46e981d19b2467dd5a2c, title=ffd, contents=gdfgdf, regDate=Tue Jul 21 11:07:12 KST 2020, startDate=2020-07-15, dueDate=2020-07-23]
2020-07-21 15:40:03 DEBUG AssignBoardDao:38 - AssignBoardVO [assgnNo=20200721123633e00b29bbd7c34626b9be5b2dcaa62136, title=adfasd, contents=sdafsdafsdfsd, regDate=Tue Jul 21 12:36:33 KST 2020, startDate=2020-07-15, dueDate=2020-07-23]
2020-07-21 15:40:03 DEBUG AssignBoardDao:38 - AssignBoardVO [assgnNo=202007211239454df56aa27a0e45b69ffd1486db4f1c17, title=sdfsdf, contents=sdfsd, regDate=Tue Jul 21 12:39:45 KST 2020, startDate=2020-07-15, dueDate=2020-07-23]
